<?xml version="1.0" encoding="UTF-8"?>
<testsuites>
  <testsuite id="0" name="D:\@Workspace\@Local\React\@Explore\my-app-01\src\components\todo-form.test.tsx" errors="0" package="D:\@Workspace\@Local\React\@Explore\my-app-01\src\components\todo-form.test.tsx" hostname="localhost" tests="1" failures="0" time="3.745" timestamp="2020-06-20T08:12:14">
    <properties>
    </properties>
    <testcase classname="Todo form" name="has an input with placeholder &apos;Enter new todo&apos;" time="0">
    </testcase>
    <system-out/>
    <system-err/>
  </testsuite>
  <testsuite id="1" name="D:\@Workspace\@Local\React\@Explore\my-app-01\src\App.test.tsx" errors="0" package="D:\@Workspace\@Local\React\@Explore\my-app-01\src\App.test.tsx" hostname="localhost" tests="4" failures="0" time="3.792" timestamp="2020-06-20T08:12:14">
    <properties>
    </properties>
    <testcase classname="App" name="has &apos;to-do list&apos; title" time="0">
    </testcase>
    <testcase classname="App" name="has an input to enter tasks" time="0">
    </testcase>
    <testcase classname="App" name="enter a new task with name" time="0">
    </testcase>
    <testcase classname="App" name="click x to remove an existing task" time="0">
    </testcase>
    <system-out/>
    <system-err/>
  </testsuite>
</testsuites>